\BOOKMARK [0][-]{chapter.1}{Introduzione}{}% 1
\BOOKMARK [1][-]{section.1.1}{Formulazione problema}{chapter.1}% 2
\BOOKMARK [1][-]{section.1.2}{Importanza della Collision Avoidance}{chapter.1}% 3
\BOOKMARK [2][-]{subsection.1.2.1}{Settore dei trasporti}{section.1.2}% 4
\BOOKMARK [2][-]{subsection.1.2.2}{Industry 4.0}{section.1.2}% 5
\BOOKMARK [0][-]{chapter.2}{Strumenti necessari e teoria}{}% 6
\BOOKMARK [1][-]{section.2.1}{ROS}{chapter.2}% 7
\BOOKMARK [2][-]{subsection.2.1.1}{Caratteristiche principali}{section.2.1}% 8
\BOOKMARK [2][-]{subsection.2.1.2}{Publisher/Subscriber}{section.2.1}% 9
\BOOKMARK [2][-]{subsection.2.1.3}{Services}{section.2.1}% 10
\BOOKMARK [2][-]{subsection.2.1.4}{stage\137ros}{section.2.1}% 11
\BOOKMARK [2][-]{subsection.2.1.5}{RVIZ}{section.2.1}% 12
\BOOKMARK [1][-]{section.2.2}{Artificial Potential Field}{chapter.2}% 13
\BOOKMARK [2][-]{subsection.2.2.1}{Teoria}{section.2.2}% 14
\BOOKMARK [2][-]{subsection.2.2.2}{Applicazione per i robot su ruote}{section.2.2}% 15
\BOOKMARK [0][-]{chapter.3}{Descrizione del progetto}{}% 16
\BOOKMARK [1][-]{section.3.1}{Obbiettivo}{chapter.3}% 17
\BOOKMARK [1][-]{section.3.2}{Sistema di riferimento}{chapter.3}% 18
\BOOKMARK [1][-]{section.3.3}{Nodi, messaggi e servizi sviluppati}{chapter.3}% 19
\BOOKMARK [2][-]{subsection.3.3.1}{obstacle\137detection}{section.3.3}% 20
\BOOKMARK [2][-]{subsection.3.3.2}{cmd\137vel\137controller}{section.3.3}% 21
\BOOKMARK [0][-]{chapter.4}{Esecuzione e test dell'algoritmo}{}% 22
